app/build/outputs/mapping/release/seeds.txt
tw.org.cic.morsensor_mobile.MainViewActivity
tw.org.cic.morsensor_mobile.MainViewActivity: MainViewActivity()
tw.org.cic.morsensor_mobile.Mainservice
tw.org.cic.morsensor_mobile.Mainservice: Mainservice()
tw.org.cic.morsensor_mobile.R$anim: int abc_fade_in
tw.org.cic.morsensor_mobile.R$anim: int abc_fade_out
tw.org.cic.morsensor_mobile.R$anim: int abc_grow_fade_in_from_bottom
tw.org.cic.morsensor_mobile.R$anim: int abc_popup_enter
tw.org.cic.morsensor_mobile.R$anim: int abc_popup_exit
tw.org.cic.morsensor_mobile.R$anim: int abc_shrink_fade_out_from_bottom
tw.org.cic.morsensor_mobile.R$anim: int abc_slide_in_bottom
tw.org.cic.morsensor_mobile.R$anim: int abc_slide_in_top
tw.org.cic.morsensor_mobile.R$anim: int abc_slide_out_bottom
tw.org.cic.morsensor_mobile.R$anim: int abc_slide_out_top
tw.org.cic.morsensor_mobile.R$anim: int fab_in
tw.org.cic.morsensor_mobile.R$anim: int fab_out
tw.org.cic.morsensor_mobile.R$anim: int fade_in
tw.org.cic.morsensor_mobile.R$anim: int fade_out
tw.org.cic.morsensor_mobile.R$anim: int rotate
tw.org.cic.morsensor_mobile.R$anim: int scale
tw.org.cic.morsensor_mobile.R$anim: int shift_down
tw.org.cic.morsensor_mobile.R$anim: int shift_left
tw.org.cic.morsensor_mobile.R$anim: int shift_right
tw.org.cic.morsensor_mobile.R$anim: int shift_up
tw.org.cic.morsensor_mobile.R$anim: int snackbar_in
tw.org.cic.morsensor_mobile.R$anim: int snackbar_out
tw.org.cic.morsensor_mobile.R$anim: int test
tw.org.cic.morsensor_mobile.R$anim: int tom_anim_in
tw.org.cic.morsensor_mobile.R$anim: int tom_anim_out
tw.org.cic.morsensor_mobile.R$anim: int translate
tw.org.cic.morsensor_mobile.R$anim: int zoom_in
tw.org.cic.morsensor_mobile.R$anim: int zoom_out
tw.org.cic.morsensor_mobile.R$array: int incrementPerLargeNotch
tw.org.cic.morsensor_mobile.R$array: int incrementPerSmallNotch
tw.org.cic.morsensor_mobile.R$array: int lowerTitle
tw.org.cic.morsensor_mobile.R$array: int rangeColor_alcoh
tw.org.cic.morsensor_mobile.R$array: int rangeColor_dust
tw.org.cic.morsensor_mobile.R$array: int rangeColor_none
tw.org.cic.morsensor_mobile.R$array: int rangeColor_uv
tw.org.cic.morsensor_mobile.R$array: int rangeComment_alcoh
tw.org.cic.morsensor_mobile.R$array: int rangeComment_dust
tw.org.cic.morsensor_mobile.R$array: int rangeComment_none
tw.org.cic.morsensor_mobile.R$array: int rangeComment_uv
tw.org.cic.morsensor_mobile.R$array: int rangeTable
tw.org.cic.morsensor_mobile.R$array: int rangeTitle_alcoh
tw.org.cic.morsensor_mobile.R$array: int rangeTitle_dust
tw.org.cic.morsensor_mobile.R$array: int rangeTitle_none
tw.org.cic.morsensor_mobile.R$array: int rangeTitle_uv
tw.org.cic.morsensor_mobile.R$array: int rangeValue_alcoh
tw.org.cic.morsensor_mobile.R$array: int rangeValue_dust
tw.org.cic.morsensor_mobile.R$array: int rangeValue_none
tw.org.cic.morsensor_mobile.R$array: int rangeValue_uv
tw.org.cic.morsensor_mobile.R$array: int scaleCenterValue
tw.org.cic.morsensor_mobile.R$array: int scaleColor
tw.org.cic.morsensor_mobile.R$array: int sensorType
tw.org.cic.morsensor_mobile.R$array: int sensor_alcoh
tw.org.cic.morsensor_mobile.R$array: int sensor_dust
tw.org.cic.morsensor_mobile.R$array: int sensor_non
...
android.support.v7.internal.view.menu.ListMenuItemView
android.support.v7.internal.view.menu.ListMenuItemView: ListMenuItemView(android.content.Context,android.util.AttributeSet,int)
android.support.v7.internal.view.menu.ListMenuItemView: ListMenuItemView(android.content.Context,android.util.AttributeSet)
android.support.v7.internal.view.menu.ListMenuItemView: void setForceShowIcon(boolean)
android.support.v7.internal.view.menu.ListMenuItemView: void setTitle(java.lang.CharSequence)
android.support.v7.internal.view.menu.ListMenuItemView: android.support.v7.internal.view.menu.MenuItemImpl getItemData()
android.support.v7.internal.view.menu.ListMenuItemView: void setCheckable(boolean)
android.support.v7.internal.view.menu.ListMenuItemView: void setChecked(boolean)
android.support.v7.internal.view.menu.ListMenuItemView: void setIcon(android.graphics.drawable.Drawable)
android.support.v7.internal.view.menu.ListMenuItemView: android.view.LayoutInflater getInflater()
android.support.v7.internal.widget.AbsActionBarView: AbsActionBarView(android.content.Context)
android.support.v7.internal.widget.AbsActionBarView: AbsActionBarView(android.content.Context,android.util.AttributeSet)
android.support.v7.internal.widget.AbsActionBarView: AbsActionBarView(android.content.Context,android.util.AttributeSet,int)
android.support.v7.internal.widget.AbsActionBarView: void setSplitToolbar(boolean)
android.support.v7.internal.widget.AbsActionBarView: void setSplitWhenNarrow(boolean)
android.support.v7.internal.widget.AbsActionBarView: void setContentHeight(int)
android.support.v7.internal.widget.AbsActionBarView: int getContentHeight()
android.support.v7.internal.widget.AbsActionBarView: void setSplitView(android.view.ViewGroup)
android.support.v7.internal.widget.AbsActionBarView: int getAnimatedVisibility()
android.support.v7.internal.widget.AbsSpinnerCompat$SavedState: android.os.Parcelable$Creator CREATOR
android.support.v7.internal.widget.ActionBarContainer
android.support.v7.internal.widget.ActionBarContainer: ActionBarContainer(android.content.Context)
android.support.v7.internal.widget.ActionBarContainer: ActionBarContainer(android.content.Context,android.util.AttributeSet)
android.support.v7.internal.widget.ActionBarContainer: void setPrimaryBackground(android.graphics.drawable.Drawable)
android.support.v7.internal.widget.ActionBarContainer: void setStackedBackground(android.graphics.drawable.Drawable)
android.support.v7.internal.widget.ActionBarContainer: void setSplitBackground(android.graphics.drawable.Drawable)
android.support.v7.internal.widget.ActionBarContainer: void setVisibility(int)
android.support.v7.internal.widget.ActionBarContainer: void setTransitioning(boolean)
android.support.v7.internal.widget.ActionBarContainer: void setTabContainer(android.support.v7.internal.widget.ScrollingTabContainerView)
android.support.v7.internal.widget.ActionBarContainer: android.view.View getTabContainer()