app/build/outputs/mapping/release/mapping.txt
tw.org.cic.morsensor_mobile.DLog -> tw.org.cic.morsensor_mobile.a:
    void e(java.lang.String,java.lang.String) -> a
    void d(java.lang.String,java.lang.String) -> b
tw.org.cic.morsensor_mobile.MainViewActivity -> tw.org.cic.morsensor_mobile.MainViewActivity:
    void <init>() -> <init>
    void onCreate(android.os.Bundle) -> onCreate
    void onDestroy() -> onDestroy
tw.org.cic.morsensor_mobile.Mainservice -> tw.org.cic.morsensor_mobile.Mainservice:
    java.net.ServerSocket httpserversocket -> a
    int port -> b
    java.lang.String TAG -> ar
    com.ftdi.j2xx.D2xxManager ftD2xx -> c
    com.ftdi.j2xx.FT_Device ftDev -> d
    int DevCount -> e
    int currentPortIndex -> f
    int portIndex -> g
    float[] datasend -> h
    int UPDATE_TEXT_VIEW_CONTENT -> i
    int ACT_ZMODEM_AUTO_START_RECEIVE -> j
    byte XON -> k
    byte XOFF -> l
    int MODE_GENERAL_UART -> m
    int MODE_X_MODEM_CHECKSUM_RECEIVE -> n
    int MODE_X_MODEM_CHECKSUM_SEND -> o
    int MODE_X_MODEM_CRC_RECEIVE -> p
    int MODE_X_MODEM_CRC_SEND -> q
    int MODE_X_MODEM_1K_CRC_RECEIVE -> r
    int MODE_X_MODEM_1K_CRC_SEND -> s
    int MODE_Y_MODEM_1K_CRC_RECEIVE -> t
    int MODE_Y_MODEM_1K_CRC_SEND -> u
    int MODE_Z_MODEM_RECEIVE -> v
    int MODE_Z_MODEM_SEND -> w
    int MODE_SAVE_CONTENT_DATA -> x
    int transferMode -> y
    int tempTransferMode -> z
    byte SOH -> A
    byte STX -> B
    byte EOT -> C
    byte ACK -> D
    byte NAK -> E
    byte CAN -> F
    byte CHAR_C -> G
    byte CHAR_G -> H
    int MODEM_BUFFER_SIZE -> I
    int[] modemReceiveDataBytes -> J
    byte[] modemDataBuffer -> K
    byte[] zmDataBuffer -> L
    boolean bModemGetNak -> M
    boolean bModemGetAck -> N
    boolean bModemGetCharC -> O
    boolean bModemGetCharG -> P
    int totalReceiveDataBytes -> Q
    int totalUpdateDataBytes -> R
tw.org.cic.morsensor_mobile.Mainservice$1 -> tw.org.cic.morsensor_mobile.Mainservice$1:
    tw.org.cic.morsensor_mobile.Mainservice this$0 -> a
    void <init>(tw.org.cic.morsensor_mobile.Mainservice) -> <init>
    void onReceive(android.content.Context,android.content.Intent) -> onReceive
tw.org.cic.morsensor_mobile.Mainservice$1$1 -> tw.org.cic.morsensor_mobile.Mainservice$1$1:
    tw.org.cic.morsensor_mobile.Mainservice$1 this$1 -> a
    void <init>(tw.org.cic.morsensor_mobile.Mainservice$1) -> <init>
    void run() -> run
tw.org.cic.morsensor_mobile.Mainservice$2 -> tw.org.cic.morsensor_mobile.Mainservice$2:
    tw.org.cic.morsensor_mobile.Mainservice this$0 -> a
    void <init>(tw.org.cic.morsensor_mobile.Mainservice) -> <init>
    void onReceive(android.content.Context,android.content.Intent) -> onReceive
tw.org.cic.morsensor_mobile.Mainservice$3 -> tw.org.cic.morsensor_mobile.Mainservice$3:
    tw.org.cic.morsensor_mobile.Mainservice this$0 -> a
    void <init>(tw.org.cic.morsensor_mobile.Mainservice) -> <init>
    void run() -> run
tw.org.cic.morsensor_mobile.Mainservice$4 -> tw.org.cic.morsensor_mobile.Mainservice$4:
    tw.org.cic.morsensor_mobile.Mainservice this$0 -> a
    void <init>(tw.org.cic.morsensor_mobile.Mainservice) -> <init>
    void run() -> run
tw.org.cic.morsensor_mobile.Mainservice$HandlerThread -> tw.org.cic.morsensor_mobile.Mainservice$a:
    tw.org.cic.morsensor_mobile.Mainservice this$0 -> a
    void <init>(tw.org.cic.morsensor_mobile.Mainservice) -> <init>
    void run() -> run
tw.org.cic.morsensor_mobile.Mainservice$Httpresponse -> tw.org.cic.morsensor_mobile.Mainservice$b:
    java.net.Socket socket -> a
    tw.org.cic.morsensor_mobile.Mainservice this$0 -> b
    void <init>(tw.org.cic.morsensor_mobile.Mainservice,java.net.Socket) -> <init>
    void run() -> run
tw.org.cic.morsensor_mobile.Mainservice$Httpthread -> tw.org.cic.morsensor_mobile.Mainservice$c:
    tw.org.cic.morsensor_mobile.Mainservice this$0 -> a
    void <init>(tw.org.cic.morsensor_mobile.Mainservice) -> <init>
    void run() -> run
...
android.support.v7.internal.widget.ScrollingTabContainerView$TabAdapter -> android.support.v7.internal.widget.m$a:
    android.support.v7.internal.widget.ScrollingTabContainerView this$0 -> a
    void <init>(android.support.v7.internal.widget.ScrollingTabContainerView) -> <init>
    int getCount() -> getCount
    java.lang.Object getItem(int) -> getItem
    long getItemId(int) -> getItemId
    android.view.View getView(int,android.view.View,android.view.ViewGroup) -> getView
    void <init>(android.support.v7.internal.widget.ScrollingTabContainerView,android.support.v7.internal.widget.ScrollingTabContainerView$1) -> <init>
android.support.v7.internal.widget.ScrollingTabContainerView$TabClickListener -> android.support.v7.internal.widget.m$b:
    android.support.v7.internal.widget.ScrollingTabContainerView this$0 -> a
    void <init>(android.support.v7.internal.widget.ScrollingTabContainerView) -> <init>
    void onClick(android.view.View) -> onClick
    void <init>(android.support.v7.internal.widget.ScrollingTabContainerView,android.support.v7.internal.widget.ScrollingTabContainerView$1) -> <init>
android.support.v7.internal.widget.ScrollingTabContainerView$TabView -> android.support.v7.internal.widget.m$c:
    int[] BG_ATTRS -> b
    android.support.v7.app.ActionBar$Tab mTab -> c
    android.widget.TextView mTextView -> d
    android.widget.ImageView mIconView -> e
    android.view.View mCustomView -> f
    android.support.v7.internal.widget.ScrollingTabContainerView this$0 -> a
    void <init>(android.support.v7.internal.widget.ScrollingTabContainerView,android.content.Context,android.support.v7.app.ActionBar$Tab,boolean) -> <init>
    void bindTab(android.support.v7.app.ActionBar$Tab) -> a
    void setSelected(boolean) -> setSelected
    void onInitializeAccessibilityEvent(android.view.accessibility.AccessibilityEvent) -> onInitializeAccessibilityEvent
    void onInitializeAccessibilityNodeInfo(android.view.accessibility.AccessibilityNodeInfo) -> onInitializeAccessibilityNodeInfo
    void onMeasure(int,int) -> onMeasure
    void update() -> a
    boolean onLongClick(android.view.View) -> onLongClick
    android.support.v7.app.ActionBar$Tab getTab() -> b
android.support.v7.internal.widget.SpinnerCompat -> android.support.v7.internal.widget.n:
    android.support.v7.widget.ListPopupWindow$ForwardingListener mForwardingListener -> F
    android.support.v7.internal.widget.SpinnerCompat$SpinnerPopup mPopup -> G
    android.support.v7.internal.widget.SpinnerCompat$DropDownAdapter mTempAdapter -> H
    int mDropDownWidth -> E
    int mGravity -> I
    boolean mDisableChildrenWhenDisabled -> J
    android.graphics.Rect mTempRect -> K
    android.support.v7.internal.widget.TintManager mTintManager -> L
    void <init>(android.content.Context,android.util.AttributeSet,int) -> <init>
    void <init>(android.content.Context,android.util.AttributeSet,int,int) -> <init>
    void setEnabled(boolean) -> setEnabled
    void setAdapter(android.widget.SpinnerAdapter) -> a
    int getBaseline() -> getBaseline
    void onDetachedFromWindow() -> onDetachedFromWindow
    void setOnItemClickListener(android.support.v7.internal.widget.AdapterViewCompat$OnItemClickListener) -> setOnItemClickListener
    void setOnItemClickListenerInt(android.support.v7.internal.widget.AdapterViewCompat$OnItemClickListener) -> a
    boolean onTouchEvent(android.view.MotionEvent) -> onTouchEvent
    void onMeasure(int,int) -> onMeasure
    void onLayout(boolean,int,int,int,int) -> onLayout
    void layout(int,boolean) -> a
    android.view.View makeView(int,boolean) -> c
    void setUpChild(android.view.View,boolean) -> a
    boolean performClick() -> performClick