app/build/outputs/mapping/release/usage.txt
tw.org.cic.morsensor_mobile.BuildConfig
tw.org.cic.morsensor_mobile.Csmapi
tw.org.cic.morsensor_mobile.Csmapi$1
tw.org.cic.morsensor_mobile.DLog:
    static final boolean LOG
    4:4:public DLog()
    8:9:public static void i(java.lang.String,java.lang.String)
    17:18:public static void v(java.lang.String,java.lang.String)
    20:21:public static void w(java.lang.String,java.lang.String)
tw.org.cic.morsensor_mobile.Dan
tw.org.cic.morsensor_mobile.Dan$1
tw.org.cic.morsensor_mobile.Dan$ControlChannel
tw.org.cic.morsensor_mobile.Mainservice:
    private static final java.lang.String ACTION
    byte[] writeDataBuffer
    android.content.BroadcastReceiver usbstate
    android.hardware.usb.UsbManager usbmanger
    android.app.PendingIntent permissionintent
tw.org.cic.morsensor_mobile.R
tw.org.cic.morsensor_mobile.R$anim
tw.org.cic.morsensor_mobile.R$array
tw.org.cic.morsensor_mobile.R$attr
tw.org.cic.morsensor_mobile.R$bool
tw.org.cic.morsensor_mobile.R$color
tw.org.cic.morsensor_mobile.R$dimen
tw.org.cic.morsensor_mobile.R$drawable
tw.org.cic.morsensor_mobile.R$id
tw.org.cic.morsensor_mobile.R$integer
tw.org.cic.morsensor_mobile.R$layout
tw.org.cic.morsensor_mobile.R$menu
tw.org.cic.morsensor_mobile.R$mipmap
tw.org.cic.morsensor_mobile.R$string
tw.org.cic.morsensor_mobile.R$style
tw.org.cic.morsensor_mobile.R$styleable
tw.org.cic.morsensor_mobile.R$xml
...
android.support.v4.view.ViewCompat$ViewCompatBaseImpl:
    private static java.lang.reflect.Field sMinWidthField
    private static boolean sMinWidthFieldFetched
    private java.lang.reflect.Method mDispatchStartTemporaryDetach
    private java.lang.reflect.Method mDispatchFinishTemporaryDetach
    private boolean mTempDetachBound
    private static java.lang.reflect.Method sChildrenDrawingOrderMethod
    static java.lang.reflect.Field sAccessibilityDelegateField
    444:445:public void setAccessibilityDelegate(android.view.View,android.support.v4.view.AccessibilityDelegateCompat)
    448:465:public boolean hasAccessibilityDelegate(android.view.View)
    470:471:public void onInitializeAccessibilityNodeInfo(android.view.View,android.support.v4.view.accessibility.AccessibilityNodeInfoCompat)
    476:476:public boolean startDragAndDrop(android.view.View,android.content.ClipData,android.view.View$DragShadowBuilder,java.lang.Object,int)
    481:481:public void cancelDragAndDrop(android.view.View)
    485:485:public void updateDragShadow(android.view.View,android.view.View$DragShadowBuilder)
    489:489:public boolean hasTransientState(android.view.View)
    494:494:public void setHasTransientState(android.view.View,boolean)
    497:498:public void postInvalidateOnAnimation(android.view.View)
    501:502:public void postInvalidateOnAnimation(android.view.View,int,int,int,int)
    517:517:public int getImportantForAccessibility(android.view.View)
android.support.v4.view.ViewConfigurationCompat:
    private static final java.lang.String TAG
    58:58:public static int getScaledPagingTouchSlop(android.view.ViewConfiguration)
    82:85:public static float getScaledHorizontalScrollFactor(android.view.ViewConfiguration,android.content.Context)
    99:102:public static float getScaledVerticalScrollFactor(android.view.ViewConfiguration,android.content.Context)
    107:120:private static float getLegacyScrollFactor(android.view.ViewConfiguration,android.content.Context)
    123:123:private ViewConfigurationCompat()
android.support.v4.view.ViewGroupCompat
android.support.v4.view.ViewGroupCompat$ViewGroupCompatApi18Impl
android.support.v4.view.ViewGroupCompat$ViewGroupCompatApi21Impl
android.support.v4.view.ViewGroupCompat$ViewGroupCompatBaseImpl
android.support.v4.view.ViewPager
android.support.v4.view.ViewPager$1
android.support.v4.view.ViewPager$2
android.support.v4.view.ViewPager$3
android.support.v4.view.ViewPager$4
android.support.v4.view.ViewPager$DecorView
android.support.v4.view.ViewPager$ItemInfo
android.support.v4.view.ViewPager$LayoutParams
android.support.v4.view.ViewPager$MyAccessibilityDelegate
android.support.v4.view.ViewPager$OnAdapterChangeListener
android.support.v4.view.ViewPager$OnPageChangeListener
android.support.v4.view.ViewPager$PageTransformer
android.support.v4.view.ViewPager$PagerObserver
android.support.v4.view.ViewPager$SavedState
android.support.v4.view.ViewPager$SavedState$1
android.support.v4.view.ViewPager$SimpleOnPageChangeListener
android.support.v4.view.ViewPager$ViewPositionComparator
android.support.v4.view.ViewParentCompat
android.support.v4.view.ViewParentCompat$ViewParentCompatApi19Impl
android.support.v4.view.ViewParentCompat$ViewParentCompatApi21Impl
android.support.v4.view.ViewParentCompat$ViewParentCompatBaseImpl